[2025-07-28 15:50:15,598]   72  root - INFO  Entered the run_pipeline method of Training Pipeline
[2025-07-28 15:50:15,599]   23  root - INFO  Entered the start_data_ingestion method of Training Pipeline
[2025-07-28 15:50:15,600]   25  root - INFO  Getting the data from GCP
[2025-07-28 15:50:15,600]   47  root - INFO  Entered the initiate_data_ingestion method inside DataIngestion class
[2025-07-28 15:50:15,600]   50  root - INFO  Data Fetched from GCP
[2025-07-28 15:50:15,601]   34  root - INFO  Entering the unzip method inside DataIngestion class
[2025-07-28 15:50:15,666]   39  root - INFO  Unzipped the file successfully
[2025-07-28 15:50:15,666]   53  root - INFO  Unziped file
[2025-07-28 15:50:15,666]   60  root - INFO  Data Ingestion artifacts : DataIngestionArtifact(imbalance_data_file_path='F:\\NLP_End_to_End\\artifacts\\DataIngestionArtifacts\\imbalanced_data.CSV', raw_data_file_path='F:\\NLP_End_to_End\\artifacts\\DataIngestionArtifacts\\raw_data.csv')
[2025-07-28 15:50:15,667]   30  root - INFO  Data ingestion completed successfully
[2025-07-28 15:50:15,667]   31  root - INFO  Exited start_data_ingestion method of Training Pipeline
[2025-07-28 15:50:15,667]   75  root - INFO  Data Ingestion Artifact: DataIngestionArtifact(imbalance_data_file_path='F:\\NLP_End_to_End\\artifacts\\DataIngestionArtifacts\\imbalanced_data.CSV', raw_data_file_path='F:\\NLP_End_to_End\\artifacts\\DataIngestionArtifacts\\raw_data.csv')
[2025-07-28 15:50:15,667]   38  root - INFO  Entered the start_data_validation method of Training Pipeline
[2025-07-28 15:50:15,667]   27  root - INFO  starting data validation
[2025-07-28 15:50:15,667]   28  root - INFO  loading data from ingestion artifact
[2025-07-28 15:50:16,034]   35  root - INFO  data loaded successfully
[2025-07-28 15:50:16,039]   42  root - INFO  schema file loaded successfully
[2025-07-28 15:50:16,039]   22  root - INFO  Column names match for imbalance_data.
[2025-07-28 15:50:16,039]   22  root - INFO  Column names match for raw_data.
[2025-07-28 15:50:16,039]   47  root - INFO  Imbalance data validation status: True
[2025-07-28 15:50:16,040]   48  root - INFO  Raw data validation status: True
[2025-07-28 15:50:16,043]   47  root - INFO  Data validation completed successfully
[2025-07-28 15:50:16,044]   48  root - INFO  Exited start_data_validation method of Training Pipeline
[2025-07-28 15:50:16,044]   77  root - INFO  Data Validation Artifact: DataValidationArtifact(data_validation_report_file_path='F:\\NLP_End_to_End\\artifacts\\DataValidationArtifacts\\data_validation_report.yaml')
[2025-07-28 15:50:16,044]   57  root - INFO  Entered the start_data_transformation method of Training Pipeline
[2025-07-28 15:50:16,044]   106  root - INFO  initiate_data_transformation method started
[2025-07-28 15:50:16,047]   113  root - INFO  Data validation status True
[2025-07-28 15:50:16,047]   115  root - INFO  Data validation passed. Proceeding with data transformation.
[2025-07-28 15:50:16,047]   29  root - INFO  reading imbalance data from file paths
[2025-07-28 15:50:16,124]   31  root - INFO  data read successfully
[2025-07-28 15:50:16,144]   36  root - INFO  exited the imbalance data cleaning method with data shape.
[2025-07-28 15:50:16,144]   43  root - INFO  reading raw data from file paths
[2025-07-28 15:50:16,241]   45  root - INFO  raw data read successfully
[2025-07-28 15:50:16,244]   50  root - INFO  dropped columns ['Unnamed: 0', 'count', 'hate_speech', 'offensive_language', 'neither'] from raw data : data shape Index(['class', 'tweet'], dtype='object')
[2025-07-28 15:50:16,244]   51  root - INFO  removed null values from raw data : data shape Index(['class', 'tweet'], dtype='object')
[2025-07-28 15:50:16,258]   56  root - INFO  raw_data classes [0 1]
[2025-07-28 15:50:16,260]   60  root - INFO  renamed class column to label in raw data : data shape Index(['class', 'tweet'], dtype='object')
[2025-07-28 15:50:16,261]   122  root - INFO  cleaned imbalance and raw data successfully
[2025-07-28 15:50:23,713]   131  root - INFO  transformed data saved at F:\NLP_End_to_End\artifacts\DataTransformationArtifacts\transformed_data.csv
[2025-07-28 15:50:23,714]   88  root - INFO  Exited run_pipeline method of Training Pipeline
