[2025-07-28 15:46:11,743]   72  root - INFO  Entered the run_pipeline method of Training Pipeline
[2025-07-28 15:46:11,743]   23  root - INFO  Entered the start_data_ingestion method of Training Pipeline
[2025-07-28 15:46:11,744]   25  root - INFO  Getting the data from GCP
[2025-07-28 15:46:11,744]   47  root - INFO  Entered the initiate_data_ingestion method inside DataIngestion class
[2025-07-28 15:46:11,745]   50  root - INFO  Data Fetched from GCP
[2025-07-28 15:46:11,745]   34  root - INFO  Entering the unzip method inside DataIngestion class
[2025-07-28 15:46:11,857]   39  root - INFO  Unzipped the file successfully
[2025-07-28 15:46:11,858]   53  root - INFO  Unziped file
[2025-07-28 15:46:11,858]   60  root - INFO  Data Ingestion artifacts : DataIngestionArtifact(imbalance_data_file_path='F:\\NLP_End_to_End\\artifacts\\DataIngestionArtifacts\\imbalanced_data.CSV', raw_data_file_path='F:\\NLP_End_to_End\\artifacts\\DataIngestionArtifacts\\raw_data.csv')
[2025-07-28 15:46:11,859]   30  root - INFO  Data ingestion completed successfully
[2025-07-28 15:46:11,859]   31  root - INFO  Exited start_data_ingestion method of Training Pipeline
[2025-07-28 15:46:11,859]   75  root - INFO  Data Ingestion Artifact: DataIngestionArtifact(imbalance_data_file_path='F:\\NLP_End_to_End\\artifacts\\DataIngestionArtifacts\\imbalanced_data.CSV', raw_data_file_path='F:\\NLP_End_to_End\\artifacts\\DataIngestionArtifacts\\raw_data.csv')
[2025-07-28 15:46:11,860]   38  root - INFO  Entered the start_data_validation method of Training Pipeline
[2025-07-28 15:46:11,860]   27  root - INFO  starting data validation
[2025-07-28 15:46:11,860]   28  root - INFO  loading data from ingestion artifact
[2025-07-28 15:46:12,163]   35  root - INFO  data loaded successfully
[2025-07-28 15:46:12,167]   42  root - INFO  schema file loaded successfully
[2025-07-28 15:46:12,167]   22  root - INFO  Column names match for imbalance_data.
[2025-07-28 15:46:12,167]   22  root - INFO  Column names match for raw_data.
[2025-07-28 15:46:12,167]   47  root - INFO  Imbalance data validation status: True
[2025-07-28 15:46:12,167]   48  root - INFO  Raw data validation status: True
[2025-07-28 15:46:12,171]   47  root - INFO  Data validation completed successfully
[2025-07-28 15:46:12,172]   48  root - INFO  Exited start_data_validation method of Training Pipeline
[2025-07-28 15:46:12,172]   77  root - INFO  Data Validation Artifact: DataValidationArtifact(data_validation_report_file_path='F:\\NLP_End_to_End\\artifacts\\DataValidationArtifacts\\data_validation_report.yaml')
[2025-07-28 15:46:12,172]   57  root - INFO  Entered the start_data_transformation method of Training Pipeline
[2025-07-28 15:46:12,172]   105  root - INFO  initiate_data_transformation method started
[2025-07-28 15:46:12,174]   112  root - INFO  Data validation status True
[2025-07-28 15:46:12,175]   114  root - INFO  Data validation passed. Proceeding with data transformation.
[2025-07-28 15:46:12,175]   28  root - INFO  reading imbalance data from file paths
[2025-07-28 15:46:12,253]   30  root - INFO  data read successfully
[2025-07-28 15:46:12,265]   35  root - INFO  exited the imbalance data cleaning method with data shape.
[2025-07-28 15:46:12,266]   42  root - INFO  reading raw data from file paths
[2025-07-28 15:46:12,328]   44  root - INFO  raw data read successfully
[2025-07-28 15:46:12,331]   49  root - INFO  dropped columns ['Unnamed: 0', 'count', 'hate_speech', 'offensive_language', 'neither'] from raw data : data shape Index(['class', 'tweet'], dtype='object')
[2025-07-28 15:46:12,332]   50  root - INFO  removed null values from raw data : data shape Index(['class', 'tweet'], dtype='object')
[2025-07-28 15:46:12,343]   55  root - INFO  raw_data classes [0 1]
[2025-07-28 15:46:12,347]   59  root - INFO  renamed class column to label in raw data : data shape Index(['class', 'tweet'], dtype='object')
[2025-07-28 15:46:12,347]   121  root - INFO  cleaned imbalance and raw data successfully
[2025-07-28 15:46:12,351]   88  root - INFO  Exited run_pipeline method of Training Pipeline
