[2025-07-21 16:17:54,008]   56  root - INFO  Entered the run_pipeline method of Training Pipeline
[2025-07-21 16:17:54,008]   21  root - INFO  Entered the start_data_ingestion method of Training Pipeline
[2025-07-21 16:17:54,009]   24  root - INFO  Getting the data from GCP
[2025-07-21 16:17:54,009]   47  root - INFO  Entered the initiate_data_ingestion method inside DataIngestion class
[2025-07-21 16:17:54,009]   50  root - INFO  Data Fetched from GCP
[2025-07-21 16:17:54,009]   34  root - INFO  Entering the unzip method inside DataIngestion class
[2025-07-21 16:17:54,076]   39  root - INFO  Unzipped the file successfully
[2025-07-21 16:17:54,076]   53  root - INFO  Unziped file
[2025-07-21 16:17:54,077]   60  root - INFO  Data Ingestion artifacts : DataIngestionArtifact(imbalance_data_file_path='F:\\NLP_End_to_End\\artifacts\\DataIngestionArtifacts\\imbalanced_data.CSV', raw_data_file_path='F:\\NLP_End_to_End\\artifacts\\DataIngestionArtifacts\\raw_data.csv')
[2025-07-21 16:17:54,077]   29  root - INFO  Data ingestion completed successfully
[2025-07-21 16:17:54,077]   30  root - INFO  Exited start_data_ingestion method of Training Pipeline
[2025-07-21 16:17:54,077]   59  root - INFO  Data Ingestion Artifact: DataIngestionArtifact(imbalance_data_file_path='F:\\NLP_End_to_End\\artifacts\\DataIngestionArtifacts\\imbalanced_data.CSV', raw_data_file_path='F:\\NLP_End_to_End\\artifacts\\DataIngestionArtifacts\\raw_data.csv')
[2025-07-21 16:17:54,077]   37  root - INFO  Entered the start_data_validation method of Training Pipeline
[2025-07-21 16:17:54,077]   27  root - INFO  starting data validation
[2025-07-21 16:17:54,078]   28  root - INFO  loading data from ingestion artifact
[2025-07-21 16:17:54,270]   35  root - INFO  data loaded successfully
[2025-07-21 16:17:54,276]   42  root - INFO  schema file loaded successfully
[2025-07-21 16:17:54,276]   22  root - INFO  Column names match for imbalance_data.
[2025-07-21 16:17:54,276]   22  root - INFO  Column names match for raw_data.
[2025-07-21 16:17:54,276]   47  root - INFO  Imbalance data validation status: True
[2025-07-21 16:17:54,277]   48  root - INFO  Raw data validation status: True
[2025-07-21 16:17:54,280]   47  root - INFO  Data validation completed successfully
[2025-07-21 16:17:54,280]   48  root - INFO  Exited start_data_validation method of Training Pipeline
[2025-07-21 16:17:54,281]   61  root - INFO  Data Validation Artifact: DataValidationArtifact(data_validation_report_file_path='F:\\NLP_End_to_End\\artifacts\\DataValidationArtifacts\\data_validation_report.yaml')
[2025-07-21 16:17:54,281]   64  root - INFO  Training Pipeline completed successfully
[2025-07-21 16:17:54,281]   68  root - INFO  Exited run_pipeline method of Training Pipeline
