[2025-07-28 15:52:01,358]   72  root - INFO  Entered the run_pipeline method of Training Pipeline
[2025-07-28 15:52:01,359]   23  root - INFO  Entered the start_data_ingestion method of Training Pipeline
[2025-07-28 15:52:01,359]   25  root - INFO  Getting the data from GCP
[2025-07-28 15:52:01,360]   47  root - INFO  Entered the initiate_data_ingestion method inside DataIngestion class
[2025-07-28 15:52:01,360]   50  root - INFO  Data Fetched from GCP
[2025-07-28 15:52:01,361]   34  root - INFO  Entering the unzip method inside DataIngestion class
[2025-07-28 15:52:01,474]   39  root - INFO  Unzipped the file successfully
[2025-07-28 15:52:01,475]   53  root - INFO  Unziped file
[2025-07-28 15:52:01,476]   60  root - INFO  Data Ingestion artifacts : DataIngestionArtifact(imbalance_data_file_path='F:\\NLP_End_to_End\\artifacts\\DataIngestionArtifacts\\imbalanced_data.CSV', raw_data_file_path='F:\\NLP_End_to_End\\artifacts\\DataIngestionArtifacts\\raw_data.csv')
[2025-07-28 15:52:01,476]   30  root - INFO  Data ingestion completed successfully
[2025-07-28 15:52:01,476]   31  root - INFO  Exited start_data_ingestion method of Training Pipeline
[2025-07-28 15:52:01,477]   75  root - INFO  Data Ingestion Artifact: DataIngestionArtifact(imbalance_data_file_path='F:\\NLP_End_to_End\\artifacts\\DataIngestionArtifacts\\imbalanced_data.CSV', raw_data_file_path='F:\\NLP_End_to_End\\artifacts\\DataIngestionArtifacts\\raw_data.csv')
[2025-07-28 15:52:01,477]   38  root - INFO  Entered the start_data_validation method of Training Pipeline
[2025-07-28 15:52:01,477]   27  root - INFO  starting data validation
[2025-07-28 15:52:01,477]   28  root - INFO  loading data from ingestion artifact
[2025-07-28 15:52:01,650]   35  root - INFO  data loaded successfully
[2025-07-28 15:52:01,655]   42  root - INFO  schema file loaded successfully
[2025-07-28 15:52:01,655]   22  root - INFO  Column names match for imbalance_data.
[2025-07-28 15:52:01,655]   22  root - INFO  Column names match for raw_data.
[2025-07-28 15:52:01,655]   47  root - INFO  Imbalance data validation status: True
[2025-07-28 15:52:01,655]   48  root - INFO  Raw data validation status: True
[2025-07-28 15:52:01,659]   47  root - INFO  Data validation completed successfully
[2025-07-28 15:52:01,659]   48  root - INFO  Exited start_data_validation method of Training Pipeline
[2025-07-28 15:52:01,659]   77  root - INFO  Data Validation Artifact: DataValidationArtifact(data_validation_report_file_path='F:\\NLP_End_to_End\\artifacts\\DataValidationArtifacts\\data_validation_report.yaml')
[2025-07-28 15:52:01,659]   57  root - INFO  Entered the start_data_transformation method of Training Pipeline
[2025-07-28 15:52:01,659]   106  root - INFO  initiate_data_transformation method started
[2025-07-28 15:52:01,662]   113  root - INFO  Data validation status True
[2025-07-28 15:52:01,662]   115  root - INFO  Data validation passed. Proceeding with data transformation.
[2025-07-28 15:52:01,662]   29  root - INFO  reading imbalance data from file paths
[2025-07-28 15:52:01,738]   31  root - INFO  data read successfully
[2025-07-28 15:52:01,744]   36  root - INFO  exited the imbalance data cleaning method with data shape.
[2025-07-28 15:52:01,745]   43  root - INFO  reading raw data from file paths
[2025-07-28 15:52:01,803]   45  root - INFO  raw data read successfully
[2025-07-28 15:52:01,806]   50  root - INFO  dropped columns ['Unnamed: 0', 'count', 'hate_speech', 'offensive_language', 'neither'] from raw data : data shape Index(['class', 'tweet'], dtype='object')
[2025-07-28 15:52:01,806]   51  root - INFO  removed null values from raw data : data shape Index(['class', 'tweet'], dtype='object')
[2025-07-28 15:52:01,829]   56  root - INFO  raw_data classes [0 1]
[2025-07-28 15:52:01,839]   60  root - INFO  renamed class column to label in raw data : data shape Index(['class', 'tweet'], dtype='object')
[2025-07-28 15:52:01,840]   122  root - INFO  cleaned imbalance and raw data successfully
[2025-07-28 15:52:08,936]   131  root - INFO  transformed data saved at F:\NLP_End_to_End\artifacts\DataTransformationArtifacts\transformed_data.csv
[2025-07-28 15:52:08,938]   84  root - INFO  Training Pipeline completed successfully
[2025-07-28 15:52:08,938]   88  root - INFO  Exited run_pipeline method of Training Pipeline
