[2025-07-28 15:39:43,583]   72  root - INFO  Entered the run_pipeline method of Training Pipeline
[2025-07-28 15:39:43,584]   23  root - INFO  Entered the start_data_ingestion method of Training Pipeline
[2025-07-28 15:39:43,584]   25  root - INFO  Getting the data from GCP
[2025-07-28 15:39:43,585]   47  root - INFO  Entered the initiate_data_ingestion method inside DataIngestion class
[2025-07-28 15:39:43,585]   50  root - INFO  Data Fetched from GCP
[2025-07-28 15:39:43,586]   34  root - INFO  Entering the unzip method inside DataIngestion class
[2025-07-28 15:39:43,690]   39  root - INFO  Unzipped the file successfully
[2025-07-28 15:39:43,691]   53  root - INFO  Unziped file
[2025-07-28 15:39:43,691]   60  root - INFO  Data Ingestion artifacts : DataIngestionArtifact(imbalance_data_file_path='F:\\NLP_End_to_End\\artifacts\\DataIngestionArtifacts\\imbalanced_data.CSV', raw_data_file_path='F:\\NLP_End_to_End\\artifacts\\DataIngestionArtifacts\\raw_data.csv')
[2025-07-28 15:39:43,692]   30  root - INFO  Data ingestion completed successfully
[2025-07-28 15:39:43,692]   31  root - INFO  Exited start_data_ingestion method of Training Pipeline
[2025-07-28 15:39:43,693]   75  root - INFO  Data Ingestion Artifact: DataIngestionArtifact(imbalance_data_file_path='F:\\NLP_End_to_End\\artifacts\\DataIngestionArtifacts\\imbalanced_data.CSV', raw_data_file_path='F:\\NLP_End_to_End\\artifacts\\DataIngestionArtifacts\\raw_data.csv')
[2025-07-28 15:39:43,693]   38  root - INFO  Entered the start_data_validation method of Training Pipeline
[2025-07-28 15:39:43,693]   27  root - INFO  starting data validation
[2025-07-28 15:39:43,693]   28  root - INFO  loading data from ingestion artifact
[2025-07-28 15:39:43,942]   35  root - INFO  data loaded successfully
[2025-07-28 15:39:43,947]   42  root - INFO  schema file loaded successfully
[2025-07-28 15:39:43,947]   22  root - INFO  Column names match for imbalance_data.
[2025-07-28 15:39:43,947]   22  root - INFO  Column names match for raw_data.
[2025-07-28 15:39:43,947]   47  root - INFO  Imbalance data validation status: True
[2025-07-28 15:39:43,947]   48  root - INFO  Raw data validation status: True
[2025-07-28 15:39:43,951]   47  root - INFO  Data validation completed successfully
[2025-07-28 15:39:43,952]   48  root - INFO  Exited start_data_validation method of Training Pipeline
[2025-07-28 15:39:43,952]   77  root - INFO  Data Validation Artifact: DataValidationArtifact(data_validation_report_file_path='F:\\NLP_End_to_End\\artifacts\\DataValidationArtifacts\\data_validation_report.yaml')
[2025-07-28 15:39:43,952]   57  root - INFO  Entered the start_data_transformation method of Training Pipeline
[2025-07-28 15:39:43,952]   84  root - INFO  initiate_data_transformation method started
[2025-07-28 15:39:43,954]   91  root - INFO  Data validation status True
[2025-07-28 15:39:43,955]   93  root - INFO  Data validation passed. Proceeding with data transformation.
[2025-07-28 15:39:43,955]   28  root - INFO  reading imbalance data from file paths
[2025-07-28 15:39:44,029]   30  root - INFO  data read successfully
[2025-07-28 15:39:44,045]   35  root - INFO  exited the imbalance data cleaning method with data shape.
[2025-07-28 15:39:44,045]   42  root - INFO  reading raw data from file paths
[2025-07-28 15:39:44,107]   44  root - INFO  raw data read successfully
[2025-07-28 15:39:44,110]   49  root - INFO  dropped columns ['Unnamed: 0', 'count', 'hate_speech', 'offensive_language', 'neither'] from raw data : data shape Index(['class', 'tweet'], dtype='object')
[2025-07-28 15:39:44,110]   50  root - INFO  removed null values from raw data : data shape Index(['class', 'tweet'], dtype='object')
[2025-07-28 15:39:44,122]   55  root - INFO  raw_data classes [0 1]
[2025-07-28 15:39:44,124]   59  root - INFO  renamed class column to label in raw data : data shape Index(['class', 'tweet'], dtype='object')
[2025-07-28 15:39:44,124]   100  root - INFO  cleaned imbalance and raw data successfully
[2025-07-28 15:39:44,126]   88  root - INFO  Exited run_pipeline method of Training Pipeline
