[2025-07-28 15:38:50,513]   72  root - INFO  Entered the run_pipeline method of Training Pipeline
[2025-07-28 15:38:50,513]   23  root - INFO  Entered the start_data_ingestion method of Training Pipeline
[2025-07-28 15:38:50,514]   25  root - INFO  Getting the data from GCP
[2025-07-28 15:38:50,514]   47  root - INFO  Entered the initiate_data_ingestion method inside DataIngestion class
[2025-07-28 15:38:50,515]   50  root - INFO  Data Fetched from GCP
[2025-07-28 15:38:50,516]   34  root - INFO  Entering the unzip method inside DataIngestion class
[2025-07-28 15:38:50,677]   39  root - INFO  Unzipped the file successfully
[2025-07-28 15:38:50,678]   53  root - INFO  Unziped file
[2025-07-28 15:38:50,678]   60  root - INFO  Data Ingestion artifacts : DataIngestionArtifact(imbalance_data_file_path='F:\\NLP_End_to_End\\artifacts\\DataIngestionArtifacts\\imbalanced_data.CSV', raw_data_file_path='F:\\NLP_End_to_End\\artifacts\\DataIngestionArtifacts\\raw_data.csv')
[2025-07-28 15:38:50,679]   30  root - INFO  Data ingestion completed successfully
[2025-07-28 15:38:50,679]   31  root - INFO  Exited start_data_ingestion method of Training Pipeline
[2025-07-28 15:38:50,679]   75  root - INFO  Data Ingestion Artifact: DataIngestionArtifact(imbalance_data_file_path='F:\\NLP_End_to_End\\artifacts\\DataIngestionArtifacts\\imbalanced_data.CSV', raw_data_file_path='F:\\NLP_End_to_End\\artifacts\\DataIngestionArtifacts\\raw_data.csv')
[2025-07-28 15:38:50,679]   38  root - INFO  Entered the start_data_validation method of Training Pipeline
[2025-07-28 15:38:50,679]   27  root - INFO  starting data validation
[2025-07-28 15:38:50,680]   28  root - INFO  loading data from ingestion artifact
[2025-07-28 15:38:50,993]   35  root - INFO  data loaded successfully
[2025-07-28 15:38:50,998]   42  root - INFO  schema file loaded successfully
[2025-07-28 15:38:50,999]   22  root - INFO  Column names match for imbalance_data.
[2025-07-28 15:38:50,999]   22  root - INFO  Column names match for raw_data.
[2025-07-28 15:38:50,999]   47  root - INFO  Imbalance data validation status: True
[2025-07-28 15:38:50,999]   48  root - INFO  Raw data validation status: True
[2025-07-28 15:38:51,004]   47  root - INFO  Data validation completed successfully
[2025-07-28 15:38:51,004]   48  root - INFO  Exited start_data_validation method of Training Pipeline
[2025-07-28 15:38:51,004]   77  root - INFO  Data Validation Artifact: DataValidationArtifact(data_validation_report_file_path='F:\\NLP_End_to_End\\artifacts\\DataValidationArtifacts\\data_validation_report.yaml')
[2025-07-28 15:38:51,004]   57  root - INFO  Entered the start_data_transformation method of Training Pipeline
[2025-07-28 15:38:51,004]   84  root - INFO  initiate_data_transformation method started
[2025-07-28 15:38:51,007]   91  root - INFO  Data validation status True
[2025-07-28 15:38:51,007]   93  root - INFO  Data validation passed. Proceeding with data transformation.
[2025-07-28 15:38:51,007]   28  root - INFO  reading imbalance data from file paths
[2025-07-28 15:38:51,089]   30  root - INFO  data read successfully
[2025-07-28 15:38:51,102]   35  root - INFO  exited the imbalance data cleaning method with data shape.
[2025-07-28 15:38:51,102]   42  root - INFO  reading raw data from file paths
[2025-07-28 15:38:51,171]   44  root - INFO  raw data read successfully
[2025-07-28 15:38:51,174]   49  root - INFO  dropped columns ['Unnamed: 0', 'count', 'hate_speech', 'offensive_language', 'neither'] from raw data : data shape Index(['class', 'tweet'], dtype='object')
[2025-07-28 15:38:51,175]   50  root - INFO  removed null values from raw data : data shape Index(['class', 'tweet'], dtype='object')
[2025-07-28 15:38:51,185]   55  root - INFO  raw_data classes [0 1]
[2025-07-28 15:38:51,187]   59  root - INFO  renamed class column to label in raw data : data shape Index(['class', 'tweet'], dtype='object')
[2025-07-28 15:38:51,187]   100  root - INFO  cleaned imbalance and raw data successfully
[2025-07-28 15:38:51,188]   88  root - INFO  Exited run_pipeline method of Training Pipeline
